This is pdfTeX, Version 3.141592653-2.6-1.40.27 (MiKTeX 25.4) (preloaded format=pdflatex 2025.7.30)  12 AUG 2025 13:06
entering extended mode
 restricted \write18 enabled.
 %&-line parsing enabled.
**./References.tex
(References.tex
LaTeX2e <2025-06-01> patch level 1
L3 programming layer <2025-07-19>
\bibdata{Bibliography/References.bib}
No file References.bbl.
)
! Emergency stop.
<*> ./References.tex
                    
*** (job aborted, no legal \end found)

 
Here is how much of TeX's memory you used:
 18 strings out of 468149
 502 string characters out of 5426206
 427008 words of memory out of 5000000
 28719 multiletter control sequences out of 15000+600000
 626825 words of font info for 40 fonts, out of 8000000 for 9000
 1141 hyphenation exceptions out of 8191
 16i,0n,26p,94b,18s stack positions out of 10000i,1000n,20000p,200000b,200000s
!  ==> Fatal error occurred, no output PDF file produced!
